Determining if the pthread_create exist failed with the following output:
Change Dir: /users/renex/workspace/cudaBox/myCudaWorkspace/code/myProject/1_bilFilCanny/bin/CMakeFiles/CMakeTmp

Run Build Command:"/bckroot1/usr/bin/make" "cmTC_8c9c0/fast"
/bckroot1/usr/bin/make -f CMakeFiles/cmTC_8c9c0.dir/build.make CMakeFiles/cmTC_8c9c0.dir/build
make[1]: Entering directory '/users/renex/workspace/cudaBox/myCudaWorkspace/code/myProject/1_bilFilCanny/bin/CMakeFiles/CMakeTmp'
Building C object CMakeFiles/cmTC_8c9c0.dir/CheckSymbolExists.c.o
/bckroot1/usr/bin/cc   -fPIC    -o CMakeFiles/cmTC_8c9c0.dir/CheckSymbolExists.c.o   -c /users/renex/workspace/cudaBox/myCudaWorkspace/code/myProject/1_bilFilCanny/bin/CMakeFiles/CMakeTmp/CheckSymbolExists.c
Linking C executable cmTC_8c9c0
/users/renex/workspace/systTools/cmake-3.8.2/bin/cmake -E cmake_link_script CMakeFiles/cmTC_8c9c0.dir/link.txt --verbose=1
/bckroot1/usr/bin/cc -fPIC     -rdynamic CMakeFiles/cmTC_8c9c0.dir/CheckSymbolExists.c.o  -o cmTC_8c9c0 
CMakeFiles/cmTC_8c9c0.dir/CheckSymbolExists.c.o: In function `main':
CheckSymbolExists.c:(.text+0x1b): undefined reference to `pthread_create'
collect2: error: ld returned 1 exit status
CMakeFiles/cmTC_8c9c0.dir/build.make:97: recipe for target 'cmTC_8c9c0' failed
make[1]: *** [cmTC_8c9c0] Error 1
make[1]: Leaving directory '/users/renex/workspace/cudaBox/myCudaWorkspace/code/myProject/1_bilFilCanny/bin/CMakeFiles/CMakeTmp'
Makefile:126: recipe for target 'cmTC_8c9c0/fast' failed
make: *** [cmTC_8c9c0/fast] Error 2

File /users/renex/workspace/cudaBox/myCudaWorkspace/code/myProject/1_bilFilCanny/bin/CMakeFiles/CMakeTmp/CheckSymbolExists.c:
/* */
#include <pthread.h>

int main(int argc, char** argv)
{
  (void)argv;
#ifndef pthread_create
  return ((int*)(&pthread_create))[argc];
#else
  (void)argc;
  return 0;
#endif
}

Determining if the function pthread_create exists in the pthreads failed with the following output:
Change Dir: /users/renex/workspace/cudaBox/myCudaWorkspace/code/myProject/1_bilFilCanny/bin/CMakeFiles/CMakeTmp

Run Build Command:"/bckroot1/usr/bin/make" "cmTC_05310/fast"
/bckroot1/usr/bin/make -f CMakeFiles/cmTC_05310.dir/build.make CMakeFiles/cmTC_05310.dir/build
make[1]: Entering directory '/users/renex/workspace/cudaBox/myCudaWorkspace/code/myProject/1_bilFilCanny/bin/CMakeFiles/CMakeTmp'
Building C object CMakeFiles/cmTC_05310.dir/CheckFunctionExists.c.o
/bckroot1/usr/bin/cc   -fPIC -DCHECK_FUNCTION_EXISTS=pthread_create   -o CMakeFiles/cmTC_05310.dir/CheckFunctionExists.c.o   -c /users/renex/workspace/systTools/cmake-3.8.2/share/cmake-3.8/Modules/CheckFunctionExists.c
Linking C executable cmTC_05310
/users/renex/workspace/systTools/cmake-3.8.2/bin/cmake -E cmake_link_script CMakeFiles/cmTC_05310.dir/link.txt --verbose=1
/bckroot1/usr/bin/cc -fPIC -DCHECK_FUNCTION_EXISTS=pthread_create    -rdynamic CMakeFiles/cmTC_05310.dir/CheckFunctionExists.c.o  -o cmTC_05310 -lpthreads 
/bckroot1/usr/bin/ld: cannot find -lpthreads
collect2: error: ld returned 1 exit status
CMakeFiles/cmTC_05310.dir/build.make:97: recipe for target 'cmTC_05310' failed
make[1]: *** [cmTC_05310] Error 1
make[1]: Leaving directory '/users/renex/workspace/cudaBox/myCudaWorkspace/code/myProject/1_bilFilCanny/bin/CMakeFiles/CMakeTmp'
Makefile:126: recipe for target 'cmTC_05310/fast' failed
make: *** [cmTC_05310/fast] Error 2


